<?xml version="1.0" encoding="UTF-8"?>
<testsuite xmlns:xsi="http://www.w3.org/2001/XMLSchema-instance" xsi:noNamespaceSchemaLocation="https://maven.apache.org/surefire/maven-surefire-plugin/xsd/surefire-test-report.xsd" name="runner.TestRunner" time="12.833" tests="2" errors="0" skipped="0" failures="0">
  <properties>
[...]
</properties>
  <testcase name="Using AddplaceAPI to Verify that place is added succesfully" classname="Validating Place API" time="7.154"/>
  <testcase name="Using DeleteplaceAPI verify that place is deleted succesfully" classname="Validating Place API" time="4.803"/>
</testsuite>